[INFO] Scanning for projects...
[INFO] 
[INFO] --------------< com.hobbyistprogrammer:kafka-chat-system >--------------
[INFO] Building kafka-chat-system 0.0.1-SNAPSHOT
[INFO]   from pom.xml
[INFO] --------------------------------[ jar ]---------------------------------
[INFO] 
[INFO] --- dependency:3.8.1:tree (default-cli) @ kafka-chat-system ---
[INFO] com.hobbyistprogrammer:kafka-chat-system:jar:0.0.1-SNAPSHOT
[INFO] +- ch.qos.logback:logback-core:jar:1.5.18:compile
[INFO] +- io.netty:netty-codec-http:jar:4.1.124.Final:compile
[INFO] |  +- io.netty:netty-common:jar:4.1.124.Final:compile
[INFO] |  +- io.netty:netty-buffer:jar:4.1.124.Final:compile
[INFO] |  +- io.netty:netty-transport:jar:4.1.124.Final:compile
[INFO] |  |  \- io.netty:netty-resolver:jar:4.1.124.Final:compile
[INFO] |  +- io.netty:netty-codec:jar:4.1.124.Final:compile
[INFO] |  \- io.netty:netty-handler:jar:4.1.124.Final:compile
[INFO] |     \- io.netty:netty-transport-native-unix-common:jar:4.1.124.Final:compile
[INFO] +- io.netty:netty-codec-http2:jar:4.1.124.Final:compile
[INFO] +- org.apache.kafka:kafka-clients:jar:3.8.1:compile
[INFO] |  +- com.github.luben:zstd-jni:jar:1.5.6-4:runtime
[INFO] |  +- org.lz4:lz4-java:jar:1.8.0:runtime
[INFO] |  +- org.xerial.snappy:snappy-java:jar:1.1.10.5:runtime
[INFO] |  \- org.slf4j:slf4j-api:jar:2.0.17:compile
[INFO] +- org.apache.tomcat.embed:tomcat-embed-core:jar:10.1.44:compile
[INFO] |  \- org.apache.tomcat:tomcat-annotations-api:jar:10.1.44:compile
[INFO] +- org.bouncycastle:bcprov-jdk18on:jar:1.83:compile
[INFO] +- org.springframework.boot:spring-boot-starter-actuator:jar:3.4.9:compile
[INFO] |  +- org.springframework.boot:spring-boot-starter:jar:3.4.9:compile
[INFO] |  |  +- org.springframework.boot:spring-boot-starter-logging:jar:3.4.9:compile
[INFO] |  |  |  +- org.apache.logging.log4j:log4j-to-slf4j:jar:2.24.3:compile
[INFO] |  |  |  |  \- org.apache.logging.log4j:log4j-api:jar:2.24.3:compile
[INFO] |  |  |  \- org.slf4j:jul-to-slf4j:jar:2.0.17:compile
[INFO] |  |  +- jakarta.annotation:jakarta.annotation-api:jar:2.1.1:compile
[INFO] |  |  \- org.yaml:snakeyaml:jar:2.3:compile
[INFO] |  +- org.springframework.boot:spring-boot-actuator-autoconfigure:jar:3.4.9:compile
[INFO] |  |  +- org.springframework.boot:spring-boot-actuator:jar:3.4.9:compile
[INFO] |  |  +- com.fasterxml.jackson.core:jackson-databind:jar:2.18.4:compile
[INFO] |  |  |  +- com.fasterxml.jackson.core:jackson-annotations:jar:2.18.4:compile
[INFO] |  |  |  \- com.fasterxml.jackson.core:jackson-core:jar:2.18.4.1:compile
[INFO] |  |  \- com.fasterxml.jackson.datatype:jackson-datatype-jsr310:jar:2.18.4:compile
[INFO] |  +- io.micrometer:micrometer-observation:jar:1.14.10:compile
[INFO] |  |  \- io.micrometer:micrometer-commons:jar:1.14.10:compile
[INFO] |  \- io.micrometer:micrometer-jakarta9:jar:1.14.10:compile
[INFO] |     \- io.micrometer:micrometer-core:jar:1.14.10:compile
[INFO] |        +- org.hdrhistogram:HdrHistogram:jar:2.2.2:runtime
[INFO] |        \- org.latencyutils:LatencyUtils:jar:2.0.3:runtime
[INFO] +- org.springframework.boot:spring-boot-starter-data-jdbc:jar:3.4.9:compile
[INFO] |  \- org.springframework.data:spring-data-jdbc:jar:3.4.9:compile
[INFO] |     +- org.springframework.data:spring-data-relational:jar:3.4.9:compile
[INFO] |     \- org.springframework.data:spring-data-commons:jar:3.4.9:compile
[INFO] +- org.springframework.boot:spring-boot-starter-data-jpa:jar:3.4.9:compile
[INFO] |  +- org.hibernate.orm:hibernate-core:jar:6.6.26.Final:compile
[INFO] |  |  +- jakarta.persistence:jakarta.persistence-api:jar:3.1.0:compile
[INFO] |  |  +- jakarta.transaction:jakarta.transaction-api:jar:2.0.1:compile
[INFO] |  |  +- org.jboss.logging:jboss-logging:jar:3.6.1.Final:compile
[INFO] |  |  +- org.hibernate.common:hibernate-commons-annotations:jar:7.0.3.Final:runtime
[INFO] |  |  +- io.smallrye:jandex:jar:3.2.0:runtime
[INFO] |  |  +- com.fasterxml:classmate:jar:1.7.0:compile
[INFO] |  |  +- net.bytebuddy:byte-buddy:jar:1.15.11:runtime
[INFO] |  |  +- org.glassfish.jaxb:jaxb-runtime:jar:4.0.5:runtime
[INFO] |  |  |  \- org.glassfish.jaxb:jaxb-core:jar:4.0.5:runtime
[INFO] |  |  |     +- org.glassfish.jaxb:txw2:jar:4.0.5:runtime
[INFO] |  |  |     \- com.sun.istack:istack-commons-runtime:jar:4.1.2:runtime
[INFO] |  |  +- jakarta.inject:jakarta.inject-api:jar:2.0.1:runtime
[INFO] |  |  \- org.antlr:antlr4-runtime:jar:4.13.0:compile
[INFO] |  +- org.springframework.data:spring-data-jpa:jar:3.4.9:compile
[INFO] |  |  \- org.springframework:spring-orm:jar:6.2.10:compile
[INFO] |  \- org.springframework:spring-aspects:jar:6.2.10:compile
[INFO] |     \- org.aspectj:aspectjweaver:jar:1.9.24:compile
[INFO] +- org.springframework.boot:spring-boot-starter-jdbc:jar:3.4.9:compile
[INFO] |  +- com.zaxxer:HikariCP:jar:5.1.0:compile
[INFO] |  \- org.springframework:spring-jdbc:jar:6.2.10:compile
[INFO] +- org.springframework.boot:spring-boot-starter-jooq:jar:3.4.9:compile
[INFO] |  +- org.springframework:spring-tx:jar:6.2.10:compile
[INFO] |  \- org.jooq:jooq:jar:3.19.25:compile
[INFO] |     \- io.r2dbc:r2dbc-spi:jar:1.0.0.RELEASE:compile
[INFO] +- org.springframework.boot:spring-boot-starter-mail:jar:3.4.9:compile
[INFO] |  +- org.springframework:spring-context-support:jar:6.2.10:compile
[INFO] |  \- org.eclipse.angus:jakarta.mail:jar:2.0.4:compile
[INFO] |     +- jakarta.activation:jakarta.activation-api:jar:2.1.3:compile
[INFO] |     \- org.eclipse.angus:angus-activation:jar:2.0.2:runtime
[INFO] +- org.springframework.boot:spring-boot-starter-security:jar:3.4.9:compile
[INFO] |  +- org.springframework:spring-aop:jar:6.2.10:compile
[INFO] |  +- org.springframework.security:spring-security-config:jar:6.4.9:compile
[INFO] |  \- org.springframework.security:spring-security-web:jar:6.4.9:compile
[INFO] +- org.springframework.boot:spring-boot-starter-web:jar:3.4.9:compile
[INFO] |  +- org.springframework.boot:spring-boot-starter-json:jar:3.4.9:compile
[INFO] |  |  +- com.fasterxml.jackson.datatype:jackson-datatype-jdk8:jar:2.18.4:compile
[INFO] |  |  \- com.fasterxml.jackson.module:jackson-module-parameter-names:jar:2.18.4:compile
[INFO] |  +- org.springframework.boot:spring-boot-starter-tomcat:jar:3.4.9:compile
[INFO] |  |  +- org.apache.tomcat.embed:tomcat-embed-el:jar:10.1.44:compile
[INFO] |  |  \- org.apache.tomcat.embed:tomcat-embed-websocket:jar:10.1.44:compile
[INFO] |  +- org.springframework:spring-web:jar:6.2.10:compile
[INFO] |  \- org.springframework:spring-webmvc:jar:6.2.10:compile
[INFO] +- org.springframework.boot:spring-boot-starter-webflux:jar:3.4.9:compile
[INFO] |  +- org.springframework.boot:spring-boot-starter-reactor-netty:jar:3.4.9:compile
[INFO] |  |  \- io.projectreactor.netty:reactor-netty-http:jar:1.2.9:compile
[INFO] |  |     +- io.netty:netty-resolver-dns:jar:4.1.124.Final:compile
[INFO] |  |     |  \- io.netty:netty-codec-dns:jar:4.1.124.Final:compile
[INFO] |  |     +- io.netty:netty-resolver-dns-native-macos:jar:osx-x86_64:4.1.124.Final:compile
[INFO] |  |     |  \- io.netty:netty-resolver-dns-classes-macos:jar:4.1.124.Final:compile
[INFO] |  |     +- io.netty:netty-transport-native-epoll:jar:linux-x86_64:4.1.124.Final:compile
[INFO] |  |     \- io.projectreactor.netty:reactor-netty-core:jar:1.2.9:compile
[INFO] |  |        \- io.netty:netty-handler-proxy:jar:4.1.124.Final:compile
[INFO] |  |           \- io.netty:netty-codec-socks:jar:4.1.124.Final:compile
[INFO] |  \- org.springframework:spring-webflux:jar:6.2.10:compile
[INFO] +- org.springframework.cloud:spring-cloud-function-web:jar:4.2.2:compile
[INFO] |  \- org.springframework.cloud:spring-cloud-function-context:jar:4.2.2:compile
[INFO] |     +- org.springframework.cloud:spring-cloud-function-core:jar:4.2.2:compile
[INFO] |     \- com.fasterxml.jackson.datatype:jackson-datatype-joda:jar:2.18.4:compile
[INFO] |        \- joda-time:joda-time:jar:2.12.7:compile
[INFO] +- org.springframework.cloud:spring-cloud-starter:jar:4.2.1:compile
[INFO] |  +- org.springframework.cloud:spring-cloud-context:jar:4.2.1:compile
[INFO] |  \- org.springframework.cloud:spring-cloud-commons:jar:4.2.1:compile
[INFO] +- org.springframework.cloud:spring-cloud-stream:jar:4.2.1:compile
[INFO] |  +- org.springframework.boot:spring-boot-starter-validation:jar:3.4.9:compile
[INFO] |  |  \- org.hibernate.validator:hibernate-validator:jar:8.0.3.Final:compile
[INFO] |  |     \- jakarta.validation:jakarta.validation-api:jar:3.0.2:compile
[INFO] |  +- org.springframework:spring-messaging:jar:6.2.10:compile
[INFO] |  +- org.springframework.integration:spring-integration-core:jar:6.4.6:compile
[INFO] |  +- org.springframework.integration:spring-integration-jmx:jar:6.4.6:compile
[INFO] |  \- org.springframework.retry:spring-retry:jar:2.0.12:compile
[INFO] +- org.springframework.cloud:spring-cloud-stream-binder-kafka:jar:4.2.1:compile
[INFO] |  \- org.springframework.cloud:spring-cloud-stream-binder-kafka-core:jar:4.2.1:compile
[INFO] |     \- org.springframework.integration:spring-integration-kafka:jar:6.4.6:compile
[INFO] +- org.springframework.kafka:spring-kafka:jar:3.3.9:compile
[INFO] |  \- org.springframework:spring-context:jar:6.2.10:compile
[INFO] +- org.springframework.security:spring-security-core:jar:6.4.9:compile
[INFO] |  +- org.springframework.security:spring-security-crypto:jar:6.4.9:compile
[INFO] |  +- org.springframework:spring-beans:jar:6.2.10:compile
[INFO] |  \- org.springframework:spring-expression:jar:6.2.10:compile
[INFO] +- org.springframework.boot:spring-boot-devtools:jar:3.4.9:runtime (optional)
[INFO] |  +- org.springframework.boot:spring-boot:jar:3.4.9:compile
[INFO] |  \- org.springframework.boot:spring-boot-autoconfigure:jar:3.4.9:compile
[INFO] +- com.h2database:h2:jar:2.3.232:runtime
[INFO] +- org.projectlombok:lombok:jar:1.18.38:compile (optional)
[INFO] +- org.springframework:spring-core:jar:6.2.10:compile
[INFO] |  \- org.springframework:spring-jcl:jar:6.2.10:compile
[INFO] +- org.springframework.boot:spring-boot-starter-test:jar:3.4.9:test
[INFO] |  +- org.springframework.boot:spring-boot-test:jar:3.4.9:test
[INFO] |  +- org.springframework.boot:spring-boot-test-autoconfigure:jar:3.4.9:test
[INFO] |  +- com.jayway.jsonpath:json-path:jar:2.9.0:test
[INFO] |  +- jakarta.xml.bind:jakarta.xml.bind-api:jar:4.0.2:runtime
[INFO] |  +- net.minidev:json-smart:jar:2.5.2:test
[INFO] |  |  \- net.minidev:accessors-smart:jar:2.5.2:test
[INFO] |  |     \- org.ow2.asm:asm:jar:9.7.1:test
[INFO] |  +- org.assertj:assertj-core:jar:3.26.3:test
[INFO] |  +- org.awaitility:awaitility:jar:4.2.2:test
[INFO] |  +- org.hamcrest:hamcrest:jar:2.2:test
[INFO] |  +- org.junit.jupiter:junit-jupiter:jar:5.11.4:test
[INFO] |  |  +- org.junit.jupiter:junit-jupiter-params:jar:5.11.4:test
[INFO] |  |  \- org.junit.jupiter:junit-jupiter-engine:jar:5.11.4:test
[INFO] |  +- org.mockito:mockito-core:jar:5.14.2:test
[INFO] |  |  +- net.bytebuddy:byte-buddy-agent:jar:1.15.11:test
[INFO] |  |  \- org.objenesis:objenesis:jar:3.3:test
[INFO] |  +- org.mockito:mockito-junit-jupiter:jar:5.14.2:test
[INFO] |  +- org.skyscreamer:jsonassert:jar:1.5.3:test
[INFO] |  |  \- com.vaadin.external.google:android-json:jar:0.0.20131108.vaadin1:test
[INFO] |  +- org.springframework:spring-test:jar:6.2.10:test
[INFO] |  \- org.xmlunit:xmlunit-core:jar:2.10.3:test
[INFO] +- io.projectreactor:reactor-test:jar:3.7.9:test
[INFO] |  \- io.projectreactor:reactor-core:jar:3.7.9:compile
[INFO] |     \- org.reactivestreams:reactive-streams:jar:1.0.4:compile
[INFO] +- org.springframework.cloud:spring-cloud-stream-test-binder:jar:4.2.1:test
[INFO] |  \- io.micrometer:micrometer-tracing-bridge-brave:jar:1.4.9:test
[INFO] |     +- io.micrometer:micrometer-tracing:jar:1.4.9:test
[INFO] |     |  +- io.micrometer:context-propagation:jar:1.1.3:test
[INFO] |     |  \- aopalliance:aopalliance:jar:1.0:test
[INFO] |     +- io.zipkin.brave:brave:jar:6.0.3:test
[INFO] |     +- io.zipkin.brave:brave-context-slf4j:jar:6.0.3:test
[INFO] |     +- io.zipkin.brave:brave-instrumentation-http:jar:6.0.3:test
[INFO] |     +- io.zipkin.aws:brave-propagation-aws:jar:1.2.5:test
[INFO] |     \- io.zipkin.contrib.brave-propagation-w3c:brave-propagation-tracecontext:jar:0.2.0:test
[INFO] +- org.springframework.kafka:spring-kafka-test:jar:3.3.9:test
[INFO] |  +- org.apache.zookeeper:zookeeper:jar:3.8.4:test
[INFO] |  |  +- org.apache.zookeeper:zookeeper-jute:jar:3.8.4:test
[INFO] |  |  +- org.apache.yetus:audience-annotations:jar:0.12.0:test
[INFO] |  |  +- io.netty:netty-transport-native-epoll:jar:4.1.124.Final:test
[INFO] |  |  |  \- io.netty:netty-transport-classes-epoll:jar:4.1.124.Final:compile
[INFO] |  |  +- ch.qos.logback:logback-classic:jar:1.5.18:compile
[INFO] |  |  \- commons-io:commons-io:jar:2.11.0:test
[INFO] |  +- org.apache.kafka:kafka-clients:jar:test:3.8.1:test
[INFO] |  +- org.apache.kafka:kafka-server:jar:3.8.1:test
[INFO] |  |  +- org.apache.kafka:kafka-group-coordinator:jar:3.8.1:test
[INFO] |  |  +- org.apache.kafka:kafka-transaction-coordinator:jar:3.8.1:test
[INFO] |  |  +- org.apache.kafka:kafka-raft:jar:3.8.1:test
[INFO] |  |  \- com.yammer.metrics:metrics-core:jar:2.2.0:test
[INFO] |  +- org.apache.kafka:kafka-metadata:jar:3.8.1:test
[INFO] |  +- org.apache.kafka:kafka-server-common:jar:3.8.1:test
[INFO] |  |  +- net.sf.jopt-simple:jopt-simple:jar:5.0.4:test
[INFO] |  |  \- org.pcollections:pcollections:jar:4.0.1:test
[INFO] |  +- org.apache.kafka:kafka-server-common:jar:test:3.8.1:test
[INFO] |  +- org.apache.kafka:kafka-streams-test-utils:jar:3.8.1:test
[INFO] |  |  \- org.apache.kafka:kafka-streams:jar:3.8.1:test
[INFO] |  |     \- org.rocksdb:rocksdbjni:jar:7.9.2:test
[INFO] |  +- org.apache.kafka:kafka_2.13:jar:3.8.1:test
[INFO] |  |  +- org.scala-lang:scala-library:jar:2.13.14:test
[INFO] |  |  +- org.apache.kafka:kafka-group-coordinator-api:jar:3.8.1:test
[INFO] |  |  +- org.apache.kafka:kafka-storage-api:jar:3.8.1:test
[INFO] |  |  +- org.apache.kafka:kafka-tools-api:jar:3.8.1:test
[INFO] |  |  +- org.apache.kafka:kafka-storage:jar:3.8.1:test
[INFO] |  |  |  \- com.github.ben-manes.caffeine:caffeine:jar:3.1.8:test
[INFO] |  |  |     +- org.checkerframework:checker-qual:jar:3.37.0:test
[INFO] |  |  |     \- com.google.errorprone:error_prone_annotations:jar:2.21.1:test
[INFO] |  |  +- net.sourceforge.argparse4j:argparse4j:jar:0.7.0:test
[INFO] |  |  +- commons-validator:commons-validator:jar:1.7:test
[INFO] |  |  |  +- commons-beanutils:commons-beanutils:jar:1.9.4:test
[INFO] |  |  |  +- commons-digester:commons-digester:jar:2.1:test
[INFO] |  |  |  \- commons-collections:commons-collections:jar:3.2.2:test
[INFO] |  |  +- com.fasterxml.jackson.module:jackson-module-scala_2.13:jar:2.18.4:test
[INFO] |  |  |  \- com.thoughtworks.paranamer:paranamer:jar:2.8:test
[INFO] |  |  +- com.fasterxml.jackson.dataformat:jackson-dataformat-csv:jar:2.18.4:test
[INFO] |  |  +- org.bitbucket.b_c:jose4j:jar:0.9.4:test
[INFO] |  |  +- org.scala-lang.modules:scala-collection-compat_2.13:jar:2.10.0:test
[INFO] |  |  +- org.scala-lang.modules:scala-java8-compat_2.13:jar:1.0.2:test
[INFO] |  |  +- org.scala-lang:scala-reflect:jar:2.13.14:test
[INFO] |  |  +- com.typesafe.scala-logging:scala-logging_2.13:jar:3.9.4:test
[INFO] |  |  +- io.dropwizard.metrics:metrics-core:jar:4.1.12.1:test
[INFO] |  |  \- commons-cli:commons-cli:jar:1.4:test
[INFO] |  +- org.apache.kafka:kafka_2.13:jar:test:3.8.1:test
[INFO] |  +- org.junit.jupiter:junit-jupiter-api:jar:5.11.4:test
[INFO] |  |  +- org.opentest4j:opentest4j:jar:1.3.0:test
[INFO] |  |  +- org.junit.platform:junit-platform-commons:jar:1.11.4:test
[INFO] |  |  \- org.apiguardian:apiguardian-api:jar:1.1.2:test
[INFO] |  \- org.junit.platform:junit-platform-launcher:jar:1.11.4:test
[INFO] |     \- org.junit.platform:junit-platform-engine:jar:1.11.4:test
[INFO] \- org.springframework.security:spring-security-test:jar:6.4.9:test
[INFO] ------------------------------------------------------------------------
[INFO] BUILD SUCCESS
[INFO] ------------------------------------------------------------------------
[INFO] Total time:  0.908 s
[INFO] Finished at: 2026-03-15T15:12:43+05:30
[INFO] ------------------------------------------------------------------------
